<?xml version="1.0" encoding="UTF-8"?>
<!-- Generated by org.testng.reporters.JUnitReportReporter -->
<testsuite hostname="VENKATESH" failures="0" tests="1" name="mypackage.fileupload_download" time="24.762" errors="0" timestamp="2021-08-31T12:12:32 IST" skipped="0">
  <testcase classname="mypackage.fileupload_download" name="my_file" time="24.762"/>
  <system-out/>
</testsuite> <!-- mypackage.fileupload_download -->
