<?xml version="1.0" encoding="UTF-8"?>
<!-- Generated by org.testng.reporters.JUnitReportReporter -->
<testsuite hostname="VENKATESH" failures="0" tests="1" name="return_single_value.multipleclasses" time="0.018" errors="0" timestamp="2021-08-31T16:31:11 IST" skipped="0">
  <testcase classname="return_single_value.multipleclasses" name="test1" time="0.018"/>
  <system-out/>
</testsuite> <!-- return_single_value.multipleclasses -->
