<?xml version="1.0" encoding="UTF-8"?>
<!-- Generated by org.testng.reporters.JUnitReportReporter -->
<testsuite hostname="VENKATESH" failures="0" tests="1" name="return_single_value.HASHMAP" time="0.031" errors="0" timestamp="2021-08-31T16:03:16 IST" skipped="0">
  <testcase classname="return_single_value.HASHMAP" name="myhashmap" time="0.031"/>
  <system-out/>
</testsuite> <!-- return_single_value.HASHMAP -->
