<?xml version="1.0" encoding="UTF-8"?>
<!-- Generated by org.testng.reporters.JUnitReportReporter -->
<testsuite hostname="VENKATESH" failures="0" tests="1" name="return_single_value.TC002_Return_Multiple_Values" time="0.034" errors="0" timestamp="2021-08-31T16:15:23 IST" skipped="0">
  <testcase classname="return_single_value.TC002_Return_Multiple_Values" name="Test1" time="0.034"/>
  <system-out/>
</testsuite> <!-- return_single_value.TC002_Return_Multiple_Values -->
